000.000 =============================================================
000.000                     Station A                               
000.000 -------------------------------------------------------------
000.000 Protocol.lib, version 4.0, jiangyanjun0718@bupt.edu.cn
000.000 Channel: 8000 bps, 270 ms propagation delay, bit error rate 1.0E-05
000.000 Log file "./datalink-A.log", TCP port 59144, debug mask 0x03
000.000 Station A is waiting for station B on TCP port 59144 ... Done.
000.942 New epoch: Wed Apr 21 10:48:25 2021
000.942 =================================================================
000.942 
000.942 Designed by Jiang Yanjun, build: Apr 21 2021  10:48:23
000.942 Edited By Qiu Qichen, 2021.4.20
000.942 Send DATA seq=0,ack=7, ID 10000
001.580 **** Receiver Error, Bad CRC Checksum
001.767 Recv ACK  0
001.767 Send DATA seq=1,ack=7, ID 10001
002.577 Recv ACK  1
002.577 Send DATA seq=2,ack=7, ID 10002
003.372 Recv ACK  2
003.372 Send DATA seq=3,ack=7, ID 10003
004.090 Recv DATA 0 2, ID 20000
004.090 .... 1 packets received, 738 bps, 9.23%, Err 1 (2.2e-04)
004.090 Send buffer 0 to network layer.
004.090 Send ACK  0
004.184 Recv ACK  3
004.184 Send DATA seq=4,ack=0, ID 10004
004.902 Recv DATA 1 3, ID 20001
004.902 Send buffer 1 to network layer.
004.902 Send ACK  1
004.997 Recv ACK  4
004.997 Send DATA seq=5,ack=1, ID 10005
005.715 Recv DATA 2 4, ID 20002
005.715 Send buffer 2 to network layer.
005.715 Send ACK  2
005.810 Recv ACK  5
005.811 Send DATA seq=6,ack=2, ID 10006
006.513 Recv DATA 3 5, ID 20003
006.513 .... 4 packets received, 1576 bps, 19.70%, Err 1 (9.1e-05)
006.513 Send buffer 3 to network layer.
006.513 Send ACK  3
006.605 Recv ACK  6
006.605 Send DATA seq=7,ack=3, ID 10007
006.686 ---- DATA 4 timeout
006.686 ---- Retry and send all packets from 7 to 0
006.686 Send DATA seq=7,ack=3, ID 10007
007.310 Recv DATA 4 6, ID 20004
007.310 Send buffer 4 to network layer.
007.310 Send ACK  4
007.406 Recv ACK  7
007.406 Send DATA seq=0,ack=4, ID 10008
007.499 ---- DATA 5 timeout
007.499 ---- Retry and send all packets from 0 to 1
007.499 Send DATA seq=0,ack=4, ID 10008
008.117 Recv DATA 5 7, ID 20005
008.118 Send buffer 5 to network layer.
008.118 Send ACK  5
008.195 Recv ACK  0
008.195 Send DATA seq=1,ack=5, ID 10009
008.307 ---- DATA 6 timeout
008.307 ---- Retry and send all packets from 1 to 2
008.307 Send DATA seq=1,ack=5, ID 10009
008.911 Recv DATA 6 0, ID 20006
008.911 .... 7 packets received, 1888 bps, 23.59%, Err 1 (5.7e-05)
008.911 Send buffer 6 to network layer.
008.911 Send ACK  6
008.988 Recv ACK  1
008.988 Send DATA seq=2,ack=6, ID 10010
009.563 ---- DATA 7 timeout
009.563 ---- Retry and send all packets from 2 to 3
009.563 Send DATA seq=2,ack=6, ID 10010
009.720 Recv DATA 7 1, ID 20007
009.720 Send buffer 7 to network layer.
009.720 Send ACK  7
009.987 Recv DATA 7 1, ID 20007
009.987 Send ACK  7
010.344 Recv ACK  2
010.344 Send DATA seq=3,ack=7, ID 10011
010.609 Recv DATA 7 2, ID 20007
010.609 Send ACK  7
010.893 Recv DATA 0 2, ID 20008
010.893 Send buffer 0 to network layer.
010.893 Send ACK  0
011.439 Recv DATA 0 2, ID 20008
011.439 Send ACK  0
011.703 Recv DATA 1 2, ID 20009
011.704 .... 10 packets received, 1972 bps, 24.65%, Err 1 (3.3e-05)
011.704 Send buffer 1 to network layer.
011.704 Send ACK  1
012.518 Recv DATA 2 2, ID 20010
012.518 Send buffer 2 to network layer.
012.518 Send ACK  2
012.844 ---- DATA 3 timeout
012.844 ---- Retry and send all packets from 3 to 4
012.844 Send DATA seq=3,ack=2, ID 10011
013.110 Recv DATA 2 2, ID 20010
013.110 Send ACK  2
013.375 Recv DATA 3 2, ID 20011
013.375 Send buffer 3 to network layer.
013.375 Send ACK  3
013.640 Recv ACK  3
013.640 Send DATA seq=4,ack=3, ID 10012
014.187 Recv DATA 4 3, ID 20012
014.187 .... 13 packets received, 2069 bps, 25.86%, Err 1 (2.6e-05)
014.187 Send buffer 4 to network layer.
014.187 Send ACK  4
014.451 Recv ACK  4
014.451 Send DATA seq=5,ack=4, ID 10013
014.983 Recv DATA 5 4, ID 20013
014.983 Send buffer 5 to network layer.
014.983 Send ACK  5
015.247 Recv ACK  5
015.247 Send DATA seq=6,ack=5, ID 10014
015.793 Recv DATA 6 5, ID 20014
015.793 Send buffer 6 to network layer.
015.793 Send ACK  6
016.042 Recv ACK  6
016.042 Send DATA seq=7,ack=6, ID 10015
016.136 ---- DATA 4 timeout
016.136 ---- Retry and send all packets from 7 to 0
016.136 Send DATA seq=7,ack=6, ID 10015
016.604 Recv DATA 7 6, ID 20015
016.604 .... 16 packets received, 2143 bps, 26.79%, Err 1 (2.1e-05)
016.604 Send buffer 7 to network layer.
016.605 Send ACK  7
016.871 Recv DATA 7 6, ID 20015
016.871 Send ACK  7
016.949 ---- DATA 5 timeout
016.949 ---- Retry and send all packets from 7 to 0
016.949 Send DATA seq=7,ack=7, ID 10015
017.122 Recv ACK  7
017.186 Send DATA seq=0,ack=7, ID 10016
017.404 Recv DATA 0 7, ID 20016
017.404 Send buffer 0 to network layer.
017.404 Send ACK  0
017.687 Recv DATA 0 7, ID 20016
017.687 Send ACK  0
017.750 ---- DATA 6 timeout
017.750 ---- Retry and send all packets from 0 to 1
017.750 Send DATA seq=0,ack=0, ID 10016
018.018 Recv ACK  0
018.018 Send DATA seq=1,ack=0, ID 10017
018.299 Recv DATA 1 0, ID 20017
018.299 Send buffer 1 to network layer.
018.299 Send ACK  1
018.564 Recv DATA 1 0, ID 20017
018.564 Send ACK  1
018.860 Recv ACK  1
018.864 Send DATA seq=2,ack=1, ID 10018
019.128 Recv DATA 2 1, ID 20018
019.128 .... 19 packets received, 2185 bps, 27.31%, Err 1 (1.7e-05)
019.128 Send buffer 2 to network layer.
019.128 Send ACK  2
019.454 ---- DATA 7 timeout
019.454 ---- Retry and send all packets from 2 to 3
019.454 Send DATA seq=2,ack=2, ID 10018
019.531 Recv DATA 2 1, ID 20018
019.531 Send ACK  2
019.658 Recv ACK  2
019.690 Send DATA seq=3,ack=2, ID 10019
019.938 Recv DATA 3 2, ID 20019
019.938 Send buffer 3 to network layer.
019.938 Send ACK  3
020.546 Recv ACK  3
020.546 Send DATA seq=4,ack=3, ID 10020
021.357 Recv DATA 4 3, ID 20020
021.357 .... 21 packets received, 2146 bps, 26.83%, Err 1 (1.5e-05)
021.357 Send buffer 4 to network layer.
021.357 Send ACK  4
021.373 Recv ACK  4
021.373 Send DATA seq=5,ack=4, ID 10021
022.173 Recv DATA 5 4, ID 20021
022.173 Send buffer 5 to network layer.
022.173 Send ACK  5
022.189 Recv ACK  5
022.189 Send DATA seq=6,ack=5, ID 10022
022.970 Recv DATA 6 5, ID 20022
022.970 Send buffer 6 to network layer.
022.970 Send ACK  6
022.985 Recv ACK  6
022.985 Send DATA seq=7,ack=6, ID 10023
023.047 ---- DATA 4 timeout
023.047 ---- Retry and send all packets from 7 to 0
023.047 Send DATA seq=7,ack=6, ID 10023
023.782 Recv DATA 7 6, ID 20023
023.782 .... 24 packets received, 2188 bps, 27.35%, Err 1 (1.4e-05)
023.782 Send buffer 7 to network layer.
023.782 Send ACK  7
023.875 ---- DATA 5 timeout
023.875 ---- Retry and send all packets from 7 to 0
023.875 Send DATA seq=7,ack=7, ID 10023
024.046 Recv DATA 7 6, ID 20023
024.046 Send ACK  7
024.326 Recv ACK  7
024.327 Send DATA seq=0,ack=7, ID 10024
024.592 Recv DATA 0 7, ID 20024
024.592 Send buffer 0 to network layer.
024.592 Send ACK  0
024.686 ---- DATA 6 timeout
024.686 ---- Retry and send all packets from 0 to 1
024.686 Send DATA seq=0,ack=0, ID 10024
024.857 Recv DATA 0 7, ID 20024
024.857 Send ACK  0
025.123 Recv ACK  0
025.123 Send DATA seq=1,ack=0, ID 10025
025.391 Recv DATA 1 0, ID 20025
025.391 Send buffer 1 to network layer.
025.391 Send ACK  1
025.657 Recv DATA 1 0, ID 20025
025.657 Send ACK  1
025.958 Recv ACK  1
025.958 Send DATA seq=2,ack=1, ID 10026
026.207 Recv DATA 2 1, ID 20026
026.207 .... 27 packets received, 2222 bps, 27.77%, Err 1 (1.2e-05)
026.207 Send buffer 2 to network layer.
026.207 Send ACK  2
026.378 ---- DATA 7 timeout
026.378 ---- Retry and send all packets from 2 to 3
026.378 Send DATA seq=2,ack=2, ID 10026
026.721 Recv DATA 2 1, ID 20026
026.721 Send ACK  2
026.752 Recv ACK  2
026.752 Send DATA seq=3,ack=2, ID 10027
027.018 Recv DATA 3 2, ID 20027
027.018 Send buffer 3 to network layer.
027.018 Send ACK  3
027.559 Recv ACK  3
027.559 Send DATA seq=4,ack=3, ID 10028
027.827 Recv DATA 4 3, ID 20028
027.827 Send buffer 4 to network layer.
027.827 Send ACK  4
028.359 Recv ACK  4
028.359 Send DATA seq=5,ack=4, ID 10029
028.624 Recv DATA 5 4, ID 20029
028.624 .... 30 packets received, 2250 bps, 28.12%, Err 1 (1.1e-05)
028.624 Send buffer 5 to network layer.
028.624 Send ACK  5
029.171 Recv ACK  5
029.171 Send DATA seq=6,ack=5, ID 10030
029.436 Recv DATA 6 5, ID 20030
029.436 Send buffer 6 to network layer.
029.436 Send ACK  6
029.980 Recv ACK  6
029.980 Send DATA seq=7,ack=6, ID 10031
030.060 ---- DATA 4 timeout
030.060 ---- Retry and send all packets from 7 to 0
030.060 Send DATA seq=7,ack=6, ID 10031
030.122 TCP disconnected.
