000.000 =============================================================
000.000                     Station B                               
000.000 -------------------------------------------------------------
000.000 Protocol.lib, version 4.0, jiangyanjun0718@bupt.edu.cn
000.000 Channel: 8000 bps, 270 ms propagation delay, bit error rate 1.0E-05
000.000 Log file "./datalink-B.log", TCP port 59144, debug mask 0x03
000.000 Station B is connecting station A (TCP port 59144) ... Done.
000.942 New epoch: Wed Apr 21 10:48:25 2021
000.942 =================================================================
000.942 
000.942 Designed by Jiang Yanjun, build: Apr 21 2021  10:48:23
000.942 Edited By Qiu Qichen, 2021.4.20
001.049 Send DATA seq=0,ack=7, ID 20000
001.485 Recv DATA 0 7, ID 10000
001.486 Send buffer 0 to network layer.
001.486 Send ACK  0
002.297 Recv DATA 1 7, ID 10001
002.297 Send buffer 1 to network layer.
002.297 Send ACK  1
003.107 Recv DATA 2 7, ID 10002
003.107 Send buffer 2 to network layer.
003.107 Send ACK  2
003.559 ---- DATA 0 timeout
003.559 ---- Retry and send all packets from 0 to 1
003.559 Send DATA seq=0,ack=2, ID 20000
003.902 Recv DATA 3 7, ID 10003
003.902 .... 4 packets received, 3057 bps, 38.21%, Err 0 (0.0e+00)
003.902 Send buffer 3 to network layer.
003.902 Send ACK  3
004.371 Recv ACK  0
004.371 Send DATA seq=1,ack=3, ID 20001
004.716 Recv DATA 4 0, ID 10004
004.716 Send buffer 4 to network layer.
004.716 Send ACK  4
005.187 Recv ACK  1
005.187 Send DATA seq=2,ack=4, ID 20002
005.533 Recv DATA 5 1, ID 10005
005.533 Send buffer 5 to network layer.
005.533 Send ACK  5
005.987 Recv ACK  2
005.987 Send DATA seq=3,ack=5, ID 20003
006.331 Recv DATA 6 2, ID 10006
006.331 .... 7 packets received, 2806 bps, 35.08%, Err 0 (0.0e+00)
006.331 Send buffer 6 to network layer.
006.331 Send ACK  6
006.783 Recv ACK  3
006.783 Send DATA seq=4,ack=6, ID 20004
007.127 Recv DATA 7 3, ID 10007
007.127 Send buffer 7 to network layer.
007.127 Send ACK  7
007.394 Recv DATA 7 3, ID 10007
007.394 Send ACK  7
007.579 Recv ACK  4
007.579 Send DATA seq=5,ack=7, ID 20005
007.929 Recv DATA 0 4, ID 10008
007.929 Send buffer 0 to network layer.
007.929 Send ACK  0
008.211 Recv DATA 0 4, ID 10008
008.211 Send ACK  0
008.398 Recv ACK  5
008.398 Send DATA seq=6,ack=0, ID 20006
008.722 Recv DATA 1 5, ID 10009
008.722 .... 10 packets received, 2731 bps, 34.13%, Err 0 (0.0e+00)
008.722 Send buffer 1 to network layer.
008.722 Send ACK  1
008.984 Recv DATA 1 5, ID 10009
008.984 Send ACK  1
009.188 Recv ACK  6
009.188 Send DATA seq=7,ack=1, ID 20007
009.282 ---- DATA 4 timeout
009.282 ---- Retry and send all packets from 7 to 0
009.282 Send DATA seq=7,ack=1, ID 20007
009.532 Recv DATA 2 6, ID 10010
009.532 Send buffer 2 to network layer.
009.532 Send ACK  2
010.079 ---- DATA 5 timeout
010.079 ---- Retry and send all packets from 7 to 0
010.079 Send DATA seq=7,ack=2, ID 20007
010.097 Recv DATA 2 6, ID 10010
010.097 Send ACK  2
010.112 Recv ACK  7
010.314 Send DATA seq=0,ack=2, ID 20008
010.877 **** Receiver Error, Bad CRC Checksum
010.908 ---- DATA 6 timeout
010.908 ---- Retry and send all packets from 0 to 1
010.908 Send DATA seq=0,ack=2, ID 20008
011.173 Recv ACK  0
011.173 Send DATA seq=1,ack=2, ID 20009
011.985 Recv ACK  1
011.986 Send DATA seq=2,ack=2, ID 20010
012.579 ---- DATA 7 timeout
012.579 ---- Retry and send all packets from 2 to 3
012.579 Send DATA seq=2,ack=2, ID 20010
012.797 Recv ACK  2
012.815 Send DATA seq=3,ack=2, ID 20011
013.375 Recv DATA 3 2, ID 10011
013.375 .... 12 packets received, 2022 bps, 25.28%, Err 1 (2.7e-05)
013.375 Send buffer 3 to network layer.
013.375 Send ACK  3
013.656 Recv ACK  3
013.656 Send DATA seq=4,ack=3, ID 20012
014.170 Recv DATA 4 3, ID 10012
014.171 Send buffer 4 to network layer.
014.171 Send ACK  4
014.465 Recv ACK  4
014.465 Send DATA seq=5,ack=4, ID 20013
014.983 Recv DATA 5 4, ID 10013
014.983 Send buffer 5 to network layer.
014.983 Send ACK  5
015.263 Recv ACK  5
015.263 Send DATA seq=6,ack=5, ID 20014
015.761 Recv DATA 6 5, ID 10014
015.761 .... 15 packets received, 2113 bps, 26.41%, Err 1 (2.3e-05)
015.761 Send buffer 6 to network layer.
015.761 Send ACK  6
016.072 Recv ACK  6
016.072 Send DATA seq=7,ack=6, ID 20015
016.167 ---- DATA 4 timeout
016.167 ---- Retry and send all packets from 7 to 0
016.167 Send DATA seq=7,ack=6, ID 20015
016.573 Recv DATA 7 6, ID 10015
016.573 Send buffer 7 to network layer.
016.573 Send ACK  7
016.840 Recv DATA 7 6, ID 10015
016.840 Send ACK  7
016.886 Recv ACK  7
016.886 Send DATA seq=0,ack=7, ID 20016
016.965 ---- DATA 5 timeout
016.965 ---- Retry and send all packets from 0 to 1
016.965 Send DATA seq=0,ack=7, ID 20016
017.467 Recv DATA 7 7, ID 10015
017.467 Send ACK  7
017.735 Recv DATA 0 7, ID 10016
017.735 Send buffer 0 to network layer.
017.735 Send ACK  0
017.766 Recv ACK  0
017.766 Send DATA seq=1,ack=0, ID 20017
017.767 ---- DATA 6 timeout
017.767 ---- Retry and send all packets from 1 to 2
017.767 Send DATA seq=1,ack=0, ID 20017
018.284 Recv DATA 0 0, ID 10016
018.284 Send ACK  0
018.549 Recv DATA 1 0, ID 10017
018.549 .... 18 packets received, 2128 bps, 26.59%, Err 1 (1.8e-05)
018.549 Send buffer 1 to network layer.
018.549 Send ACK  1
018.580 Recv ACK  1
018.580 Send DATA seq=2,ack=1, ID 20018
019.016 ---- DATA 7 timeout
019.016 ---- Retry and send all packets from 2 to 3
019.016 Send DATA seq=2,ack=1, ID 20018
019.389 Recv DATA 2 1, ID 10018
019.389 Send buffer 2 to network layer.
019.389 Send ACK  2
019.405 Recv ACK  2
019.406 Send DATA seq=3,ack=2, ID 20019
019.984 Recv DATA 2 2, ID 10018
019.984 Send ACK  2
020.266 Recv DATA 3 2, ID 10019
020.266 Send buffer 3 to network layer.
020.266 Send ACK  3
020.825 Recv ACK  3
020.825 Send DATA seq=4,ack=3, ID 20020
021.092 Recv DATA 4 3, ID 10020
021.092 .... 21 packets received, 2164 bps, 27.06%, Err 1 (1.5e-05)
021.092 Send buffer 4 to network layer.
021.092 Send ACK  4
021.640 Recv ACK  4
021.640 Send DATA seq=5,ack=4, ID 20021
021.906 Recv DATA 5 4, ID 10021
021.906 Send buffer 5 to network layer.
021.906 Send ACK  5
022.453 Recv ACK  5
022.453 Send DATA seq=6,ack=5, ID 20022
022.720 Recv DATA 6 5, ID 10022
022.720 Send buffer 6 to network layer.
022.720 Send ACK  6
023.250 Recv ACK  6
023.250 Send DATA seq=7,ack=6, ID 20023
023.328 ---- DATA 4 timeout
023.328 ---- Retry and send all packets from 7 to 0
023.328 Send DATA seq=7,ack=6, ID 20023
023.517 Recv DATA 7 6, ID 10023
023.517 .... 24 packets received, 2205 bps, 27.56%, Err 1 (1.4e-05)
023.517 Send buffer 7 to network layer.
023.517 Send ACK  7
023.782 Recv DATA 7 6, ID 10023
023.782 Send ACK  7
024.060 Recv ACK  7
024.060 Send DATA seq=0,ack=7, ID 20024
024.140 ---- DATA 5 timeout
024.140 ---- Retry and send all packets from 0 to 1
024.140 Send DATA seq=0,ack=7, ID 20024
024.393 Recv DATA 7 7, ID 10023
024.393 Send ACK  7
024.842 Recv DATA 0 7, ID 10024
024.842 Send buffer 0 to network layer.
024.842 Send ACK  0
024.858 Recv ACK  0
024.858 Send DATA seq=1,ack=0, ID 20025
024.952 ---- DATA 6 timeout
024.952 ---- Retry and send all packets from 1 to 2
024.952 Send DATA seq=1,ack=0, ID 20025
025.202 Recv DATA 0 0, ID 10024
025.202 Send ACK  0
025.657 Recv DATA 1 0, ID 10025
025.657 .... 26 packets received, 2179 bps, 27.24%, Err 1 (1.2e-05)
025.657 Send buffer 1 to network layer.
025.657 Send ACK  1
025.673 Recv ACK  1
025.673 Send DATA seq=2,ack=1, ID 20026
026.203 ---- DATA 7 timeout
026.203 ---- Retry and send all packets from 2 to 3
026.203 Send DATA seq=2,ack=1, ID 20026
026.484 Recv DATA 2 1, ID 10026
026.484 Send buffer 2 to network layer.
026.484 Send ACK  2
026.499 Recv ACK  2
026.499 Send DATA seq=3,ack=2, ID 20027
026.906 Recv DATA 2 2, ID 10026
026.906 Send ACK  2
027.281 Recv DATA 3 2, ID 10027
027.281 Send buffer 3 to network layer.
027.281 Send ACK  3
027.297 Recv ACK  3
027.297 Send DATA seq=4,ack=3, ID 20028
028.077 Recv DATA 4 3, ID 10028
028.078 .... 29 packets received, 2212 bps, 27.64%, Err 1 (1.1e-05)
028.078 Send buffer 4 to network layer.
028.078 Send ACK  4
028.094 Recv ACK  4
028.094 Send DATA seq=5,ack=4, ID 20029
028.889 Recv DATA 5 4, ID 10029
028.889 Send buffer 5 to network layer.
028.889 Send ACK  5
028.905 Recv ACK  5
028.905 